Analysis & Synthesis report for gas-pump
Tue Aug 24 16:42:08 2021
Quartus II 64-Bit Version 13.0.1 Build 232 06/12/2013 Service Pack 1 SJ Web Edition


---------------------
; Table of Contents ;
---------------------
  1. Legal Notice
  2. Analysis & Synthesis Summary
  3. Analysis & Synthesis Settings
  4. Parallel Compilation
  5. Analysis & Synthesis Source Files Read
  6. Analysis & Synthesis Resource Usage Summary
  7. Analysis & Synthesis Resource Utilization by Entity
  8. State Machine - |gas_pump|current_state
  9. Logic Cells Representing Combinational Loops
 10. Registers Removed During Synthesis
 11. Removed Registers Triggering Further Register Optimizations
 12. General Register Statistics
 13. Multiplexer Restructuring Statistics (Restructuring Performed)
 14. Parameter Settings for Inferred Entity Instance: lpm_mult:Mult0
 15. Parameter Settings for Inferred Entity Instance: lpm_divide:Div0
 16. lpm_mult Parameter Settings by Entity Instance
 17. Elapsed Time Per Partition
 18. Analysis & Synthesis Messages



----------------
; Legal Notice ;
----------------
Copyright (C) 1991-2013 Altera Corporation
Your use of Altera Corporation's design tools, logic functions 
and other software and tools, and its AMPP partner logic 
functions, and any output files from any of the foregoing 
(including device programming or simulation files), and any 
associated documentation or information are expressly subject 
to the terms and conditions of the Altera Program License 
Subscription Agreement, Altera MegaCore Function License 
Agreement, or other applicable license agreement, including, 
without limitation, that your use is for the sole purpose of 
programming logic devices manufactured by Altera and sold by 
Altera or its authorized distributors.  Please refer to the 
applicable agreement for further details.



+--------------------------------------------------------------------------------------+
; Analysis & Synthesis Summary                                                         ;
+------------------------------------+-------------------------------------------------+
; Analysis & Synthesis Status        ; Successful - Tue Aug 24 16:42:08 2021           ;
; Quartus II 64-Bit Version          ; 13.0.1 Build 232 06/12/2013 SP 1 SJ Web Edition ;
; Revision Name                      ; gas-pump                                        ;
; Top-level Entity Name              ; gas_pump                                        ;
; Family                             ; Cyclone II                                      ;
; Total logic elements               ; 196                                             ;
;     Total combinational functions  ; 195                                             ;
;     Dedicated logic registers      ; 26                                              ;
; Total registers                    ; 26                                              ;
; Total pins                         ; 21                                              ;
; Total virtual pins                 ; 0                                               ;
; Total memory bits                  ; 0                                               ;
; Embedded Multiplier 9-bit elements ; 0                                               ;
; Total PLLs                         ; 0                                               ;
+------------------------------------+-------------------------------------------------+


+----------------------------------------------------------------------------------------------------------------------+
; Analysis & Synthesis Settings                                                                                        ;
+----------------------------------------------------------------------------+--------------------+--------------------+
; Option                                                                     ; Setting            ; Default Value      ;
+----------------------------------------------------------------------------+--------------------+--------------------+
; Device                                                                     ; EP2C35F672C6       ;                    ;
; Top-level entity name                                                      ; gas_pump           ; gas-pump           ;
; Family name                                                                ; Cyclone II         ; Cyclone IV GX      ;
; Use smart compilation                                                      ; Off                ; Off                ;
; Enable parallel Assembler and TimeQuest Timing Analyzer during compilation ; On                 ; On                 ;
; Enable compact report table                                                ; Off                ; Off                ;
; Restructure Multiplexers                                                   ; Auto               ; Auto               ;
; Create Debugging Nodes for IP Cores                                        ; Off                ; Off                ;
; Preserve fewer node names                                                  ; On                 ; On                 ;
; Disable OpenCore Plus hardware evaluation                                  ; Off                ; Off                ;
; Verilog Version                                                            ; Verilog_2001       ; Verilog_2001       ;
; VHDL Version                                                               ; VHDL_1993          ; VHDL_1993          ;
; State Machine Processing                                                   ; Auto               ; Auto               ;
; Safe State Machine                                                         ; Off                ; Off                ;
; Extract Verilog State Machines                                             ; On                 ; On                 ;
; Extract VHDL State Machines                                                ; On                 ; On                 ;
; Ignore Verilog initial constructs                                          ; Off                ; Off                ;
; Iteration limit for constant Verilog loops                                 ; 5000               ; 5000               ;
; Iteration limit for non-constant Verilog loops                             ; 250                ; 250                ;
; Add Pass-Through Logic to Inferred RAMs                                    ; On                 ; On                 ;
; Infer RAMs from Raw Logic                                                  ; On                 ; On                 ;
; Parallel Synthesis                                                         ; On                 ; On                 ;
; DSP Block Balancing                                                        ; Auto               ; Auto               ;
; NOT Gate Push-Back                                                         ; On                 ; On                 ;
; Power-Up Don't Care                                                        ; On                 ; On                 ;
; Remove Redundant Logic Cells                                               ; Off                ; Off                ;
; Remove Duplicate Registers                                                 ; On                 ; On                 ;
; Ignore CARRY Buffers                                                       ; Off                ; Off                ;
; Ignore CASCADE Buffers                                                     ; Off                ; Off                ;
; Ignore GLOBAL Buffers                                                      ; Off                ; Off                ;
; Ignore ROW GLOBAL Buffers                                                  ; Off                ; Off                ;
; Ignore LCELL Buffers                                                       ; Off                ; Off                ;
; Ignore SOFT Buffers                                                        ; On                 ; On                 ;
; Limit AHDL Integers to 32 Bits                                             ; Off                ; Off                ;
; Optimization Technique                                                     ; Balanced           ; Balanced           ;
; Carry Chain Length                                                         ; 70                 ; 70                 ;
; Auto Carry Chains                                                          ; On                 ; On                 ;
; Auto Open-Drain Pins                                                       ; On                 ; On                 ;
; Perform WYSIWYG Primitive Resynthesis                                      ; Off                ; Off                ;
; Auto ROM Replacement                                                       ; On                 ; On                 ;
; Auto RAM Replacement                                                       ; On                 ; On                 ;
; Auto Shift Register Replacement                                            ; Auto               ; Auto               ;
; Allow Shift Register Merging across Hierarchies                            ; Auto               ; Auto               ;
; Auto Clock Enable Replacement                                              ; On                 ; On                 ;
; Strict RAM Replacement                                                     ; Off                ; Off                ;
; Allow Synchronous Control Signals                                          ; On                 ; On                 ;
; Force Use of Synchronous Clear Signals                                     ; Off                ; Off                ;
; Auto RAM to Logic Cell Conversion                                          ; Off                ; Off                ;
; Auto Resource Sharing                                                      ; Off                ; Off                ;
; Allow Any RAM Size For Recognition                                         ; Off                ; Off                ;
; Allow Any ROM Size For Recognition                                         ; Off                ; Off                ;
; Allow Any Shift Register Size For Recognition                              ; Off                ; Off                ;
; Use LogicLock Constraints during Resource Balancing                        ; On                 ; On                 ;
; Ignore translate_off and synthesis_off directives                          ; Off                ; Off                ;
; Timing-Driven Synthesis                                                    ; Off                ; Off                ;
; Report Parameter Settings                                                  ; On                 ; On                 ;
; Report Source Assignments                                                  ; On                 ; On                 ;
; Report Connectivity Checks                                                 ; On                 ; On                 ;
; Ignore Maximum Fan-Out Assignments                                         ; Off                ; Off                ;
; Synchronization Register Chain Length                                      ; 2                  ; 2                  ;
; PowerPlay Power Optimization                                               ; Normal compilation ; Normal compilation ;
; HDL message level                                                          ; Level2             ; Level2             ;
; Suppress Register Optimization Related Messages                            ; Off                ; Off                ;
; Number of Removed Registers Reported in Synthesis Report                   ; 5000               ; 5000               ;
; Number of Swept Nodes Reported in Synthesis Report                         ; 5000               ; 5000               ;
; Number of Inverted Registers Reported in Synthesis Report                  ; 100                ; 100                ;
; Clock MUX Protection                                                       ; On                 ; On                 ;
; Auto Gated Clock Conversion                                                ; Off                ; Off                ;
; Block Design Naming                                                        ; Auto               ; Auto               ;
; SDC constraint protection                                                  ; Off                ; Off                ;
; Synthesis Effort                                                           ; Auto               ; Auto               ;
; Shift Register Replacement - Allow Asynchronous Clear Signal               ; On                 ; On                 ;
; Pre-Mapping Resynthesis Optimization                                       ; Off                ; Off                ;
; Analysis & Synthesis Message Level                                         ; Medium             ; Medium             ;
; Disable Register Merging Across Hierarchies                                ; Auto               ; Auto               ;
; Resource Aware Inference For Block RAM                                     ; On                 ; On                 ;
; Synthesis Seed                                                             ; 1                  ; 1                  ;
+----------------------------------------------------------------------------+--------------------+--------------------+


Parallel compilation was disabled, but you have multiple processors available. Enable parallel compilation to reduce compilation time.
+-------------------------------------+
; Parallel Compilation                ;
+----------------------------+--------+
; Processors                 ; Number ;
+----------------------------+--------+
; Number detected on machine ; 4      ;
; Maximum allowed            ; 1      ;
+----------------------------+--------+


+-------------------------------------------------------------------------------------------------------------------------------------------------------------------------------------------+
; Analysis & Synthesis Source Files Read                                                                                                                                                    ;
+----------------------------------+-----------------+------------------------------+---------------------------------------------------------------------------------------------+---------+
; File Name with User-Entered Path ; Used in Netlist ; File Type                    ; File Name with Absolute Path                                                                ; Library ;
+----------------------------------+-----------------+------------------------------+---------------------------------------------------------------------------------------------+---------+
; gas_pump.vhd                     ; yes             ; User VHDL File               ; C:/Users/danie/OneDrive/햞ea de Trabalho/Lab de SD/gas-pump-vhdl/gas_pump.vhd               ;         ;
; lpm_mult.tdf                     ; yes             ; Megafunction                 ; c:/altera/13.0sp1/quartus/libraries/megafunctions/lpm_mult.tdf                              ;         ;
; aglobal130.inc                   ; yes             ; Megafunction                 ; c:/altera/13.0sp1/quartus/libraries/megafunctions/aglobal130.inc                            ;         ;
; lpm_add_sub.inc                  ; yes             ; Megafunction                 ; c:/altera/13.0sp1/quartus/libraries/megafunctions/lpm_add_sub.inc                           ;         ;
; multcore.inc                     ; yes             ; Megafunction                 ; c:/altera/13.0sp1/quartus/libraries/megafunctions/multcore.inc                              ;         ;
; bypassff.inc                     ; yes             ; Megafunction                 ; c:/altera/13.0sp1/quartus/libraries/megafunctions/bypassff.inc                              ;         ;
; altshift.inc                     ; yes             ; Megafunction                 ; c:/altera/13.0sp1/quartus/libraries/megafunctions/altshift.inc                              ;         ;
; multcore.tdf                     ; yes             ; Megafunction                 ; c:/altera/13.0sp1/quartus/libraries/megafunctions/multcore.tdf                              ;         ;
; csa_add.inc                      ; yes             ; Megafunction                 ; c:/altera/13.0sp1/quartus/libraries/megafunctions/csa_add.inc                               ;         ;
; mpar_add.inc                     ; yes             ; Megafunction                 ; c:/altera/13.0sp1/quartus/libraries/megafunctions/mpar_add.inc                              ;         ;
; muleabz.inc                      ; yes             ; Megafunction                 ; c:/altera/13.0sp1/quartus/libraries/megafunctions/muleabz.inc                               ;         ;
; mul_lfrg.inc                     ; yes             ; Megafunction                 ; c:/altera/13.0sp1/quartus/libraries/megafunctions/mul_lfrg.inc                              ;         ;
; mul_boothc.inc                   ; yes             ; Megafunction                 ; c:/altera/13.0sp1/quartus/libraries/megafunctions/mul_boothc.inc                            ;         ;
; alt_ded_mult.inc                 ; yes             ; Megafunction                 ; c:/altera/13.0sp1/quartus/libraries/megafunctions/alt_ded_mult.inc                          ;         ;
; alt_ded_mult_y.inc               ; yes             ; Megafunction                 ; c:/altera/13.0sp1/quartus/libraries/megafunctions/alt_ded_mult_y.inc                        ;         ;
; dffpipe.inc                      ; yes             ; Megafunction                 ; c:/altera/13.0sp1/quartus/libraries/megafunctions/dffpipe.inc                               ;         ;
; mpar_add.tdf                     ; yes             ; Megafunction                 ; c:/altera/13.0sp1/quartus/libraries/megafunctions/mpar_add.tdf                              ;         ;
; altshift.tdf                     ; yes             ; Megafunction                 ; c:/altera/13.0sp1/quartus/libraries/megafunctions/altshift.tdf                              ;         ;
; lpm_divide.tdf                   ; yes             ; Megafunction                 ; c:/altera/13.0sp1/quartus/libraries/megafunctions/lpm_divide.tdf                            ;         ;
; abs_divider.inc                  ; yes             ; Megafunction                 ; c:/altera/13.0sp1/quartus/libraries/megafunctions/abs_divider.inc                           ;         ;
; sign_div_unsign.inc              ; yes             ; Megafunction                 ; c:/altera/13.0sp1/quartus/libraries/megafunctions/sign_div_unsign.inc                       ;         ;
; db/lpm_divide_sfm.tdf            ; yes             ; Auto-Generated Megafunction  ; C:/Users/danie/OneDrive/햞ea de Trabalho/Lab de SD/gas-pump-vhdl/db/lpm_divide_sfm.tdf      ;         ;
; db/sign_div_unsign_6nh.tdf       ; yes             ; Auto-Generated Megafunction  ; C:/Users/danie/OneDrive/햞ea de Trabalho/Lab de SD/gas-pump-vhdl/db/sign_div_unsign_6nh.tdf ;         ;
; db/alt_u_div_e5f.tdf             ; yes             ; Auto-Generated Megafunction  ; C:/Users/danie/OneDrive/햞ea de Trabalho/Lab de SD/gas-pump-vhdl/db/alt_u_div_e5f.tdf       ;         ;
; db/add_sub_lkc.tdf               ; yes             ; Auto-Generated Megafunction  ; C:/Users/danie/OneDrive/햞ea de Trabalho/Lab de SD/gas-pump-vhdl/db/add_sub_lkc.tdf         ;         ;
; db/add_sub_mkc.tdf               ; yes             ; Auto-Generated Megafunction  ; C:/Users/danie/OneDrive/햞ea de Trabalho/Lab de SD/gas-pump-vhdl/db/add_sub_mkc.tdf         ;         ;
+----------------------------------+-----------------+------------------------------+---------------------------------------------------------------------------------------------+---------+


+----------------------------------------------------------------------------------------------------------------------------------------------------------------------------+
; Analysis & Synthesis Resource Usage Summary                                                                                                                                ;
+---------------------------------------------+------------------------------------------------------------------------------------------------------------------------------+
; Resource                                    ; Usage                                                                                                                        ;
+---------------------------------------------+------------------------------------------------------------------------------------------------------------------------------+
; Estimated Total logic elements              ; 196                                                                                                                          ;
;                                             ;                                                                                                                              ;
; Total combinational functions               ; 195                                                                                                                          ;
; Logic element usage by number of LUT inputs ;                                                                                                                              ;
;     -- 4 input functions                    ; 45                                                                                                                           ;
;     -- 3 input functions                    ; 71                                                                                                                           ;
;     -- <=2 input functions                  ; 79                                                                                                                           ;
;                                             ;                                                                                                                              ;
; Logic elements by mode                      ;                                                                                                                              ;
;     -- normal mode                          ; 140                                                                                                                          ;
;     -- arithmetic mode                      ; 55                                                                                                                           ;
;                                             ;                                                                                                                              ;
; Total registers                             ; 26                                                                                                                           ;
;     -- Dedicated logic registers            ; 26                                                                                                                           ;
;     -- I/O registers                        ; 0                                                                                                                            ;
;                                             ;                                                                                                                              ;
; I/O pins                                    ; 21                                                                                                                           ;
; Embedded Multiplier 9-bit elements          ; 0                                                                                                                            ;
; Maximum fan-out node                        ; lpm_divide:Div0|lpm_divide_sfm:auto_generated|sign_div_unsign_6nh:divider|alt_u_div_e5f:divider|add_sub_16_result_int[11]~16 ;
; Maximum fan-out                             ; 28                                                                                                                           ;
; Total fan-out                               ; 618                                                                                                                          ;
; Average fan-out                             ; 2.54                                                                                                                         ;
+---------------------------------------------+------------------------------------------------------------------------------------------------------------------------------+


+-------------------------------------------------------------------------------------------------------------------------------------------------------------------------------------------------------------------------------------------------------------------------------+
; Analysis & Synthesis Resource Utilization by Entity                                                                                                                                                                                                                           ;
+----------------------------------------+-------------------+--------------+-------------+--------------+---------+-----------+------+--------------+-----------------------------------------------------------------------------------------------------------+--------------+
; Compilation Hierarchy Node             ; LC Combinationals ; LC Registers ; Memory Bits ; DSP Elements ; DSP 9x9 ; DSP 18x18 ; Pins ; Virtual Pins ; Full Hierarchy Name                                                                                       ; Library Name ;
+----------------------------------------+-------------------+--------------+-------------+--------------+---------+-----------+------+--------------+-----------------------------------------------------------------------------------------------------------+--------------+
; |gas_pump                              ; 195 (43)          ; 26 (26)      ; 0           ; 0            ; 0       ; 0         ; 21   ; 0            ; |gas_pump                                                                                                 ; work         ;
;    |lpm_divide:Div0|                   ; 144 (0)           ; 0 (0)        ; 0           ; 0            ; 0       ; 0         ; 0    ; 0            ; |gas_pump|lpm_divide:Div0                                                                                 ; work         ;
;       |lpm_divide_sfm:auto_generated|  ; 144 (0)           ; 0 (0)        ; 0           ; 0            ; 0       ; 0         ; 0    ; 0            ; |gas_pump|lpm_divide:Div0|lpm_divide_sfm:auto_generated                                                   ; work         ;
;          |sign_div_unsign_6nh:divider| ; 144 (0)           ; 0 (0)        ; 0           ; 0            ; 0       ; 0         ; 0    ; 0            ; |gas_pump|lpm_divide:Div0|lpm_divide_sfm:auto_generated|sign_div_unsign_6nh:divider                       ; work         ;
;             |alt_u_div_e5f:divider|    ; 144 (144)         ; 0 (0)        ; 0           ; 0            ; 0       ; 0         ; 0    ; 0            ; |gas_pump|lpm_divide:Div0|lpm_divide_sfm:auto_generated|sign_div_unsign_6nh:divider|alt_u_div_e5f:divider ; work         ;
;    |lpm_mult:Mult0|                    ; 8 (0)             ; 0 (0)        ; 0           ; 0            ; 0       ; 0         ; 0    ; 0            ; |gas_pump|lpm_mult:Mult0                                                                                  ; work         ;
;       |multcore:mult_core|             ; 8 (8)             ; 0 (0)        ; 0           ; 0            ; 0       ; 0         ; 0    ; 0            ; |gas_pump|lpm_mult:Mult0|multcore:mult_core                                                               ; work         ;
+----------------------------------------+-------------------+--------------+-------------+--------------+---------+-----------+------+--------------+-----------------------------------------------------------------------------------------------------------+--------------+
Note: For table entries with two numbers listed, the numbers in parentheses indicate the number of resources of the given type used by the specific entity alone. The numbers listed outside of parentheses indicate the total resources of the given type used by the specific entity and all of its sub-entities in the hierarchy.


Encoding Type:  One-Hot
+-----------------------------------------------------------------------------------------------------------------------------------------------------------------------------------------+
; State Machine - |gas_pump|current_state                                                                                                                                                 ;
+------------------------------+---------------------------+--------------------------+-----------------------+------------------------------+-----------------------+--------------------+
; Name                         ; current_state.give_change ; current_state.comparator ; current_state.fueling ; current_state.fuel_selection ; current_state.payment ; current_state.idle ;
+------------------------------+---------------------------+--------------------------+-----------------------+------------------------------+-----------------------+--------------------+
; current_state.idle           ; 0                         ; 0                        ; 0                     ; 0                            ; 0                     ; 0                  ;
; current_state.payment        ; 0                         ; 0                        ; 0                     ; 0                            ; 1                     ; 1                  ;
; current_state.fuel_selection ; 0                         ; 0                        ; 0                     ; 1                            ; 0                     ; 1                  ;
; current_state.fueling        ; 0                         ; 0                        ; 1                     ; 0                            ; 0                     ; 1                  ;
; current_state.comparator     ; 0                         ; 1                        ; 0                     ; 0                            ; 0                     ; 1                  ;
; current_state.give_change    ; 1                         ; 0                        ; 0                     ; 0                            ; 0                     ; 1                  ;
+------------------------------+---------------------------+--------------------------+-----------------------+------------------------------+-----------------------+--------------------+


+------------------------------------------------------------+
; Logic Cells Representing Combinational Loops               ;
+--------------------------------------------------------+---+
; Logic Cell Name                                        ;   ;
+--------------------------------------------------------+---+
; current_state~15                                       ;   ;
; Number of logic cells representing combinational loops ; 1 ;
+--------------------------------------------------------+---+
Note: All cells listed above may not be present at the end of synthesis due to various synthesis optimizations.


+---------------------------------------------------------------------------------+
; Registers Removed During Synthesis                                              ;
+----------------------------------------+----------------------------------------+
; Register name                          ; Reason for Removal                     ;
+----------------------------------------+----------------------------------------+
; \main:fuel_price[2][0]                 ; Stuck at GND due to stuck port data_in ;
; \main:fuel_price[2][1]                 ; Stuck at GND due to stuck port data_in ;
; \main:fuel_price[2][2]                 ; Stuck at VCC due to stuck port data_in ;
; \main:fuel_price[2][3]                 ; Stuck at GND due to stuck port data_in ;
; \main:fuel_price[2][4]                 ; Stuck at GND due to stuck port data_in ;
; \main:fuel_price[2][5]                 ; Stuck at GND due to stuck port data_in ;
; \main:fuel_price[2][6]                 ; Stuck at GND due to stuck port data_in ;
; \main:fuel_price[2][7]                 ; Stuck at GND due to stuck port data_in ;
; \main:fuel_price[1][0]                 ; Stuck at VCC due to stuck port data_in ;
; \main:fuel_price[1][1]                 ; Stuck at GND due to stuck port data_in ;
; \main:fuel_price[1][2]                 ; Stuck at VCC due to stuck port data_in ;
; \main:fuel_price[1][3]                 ; Stuck at GND due to stuck port data_in ;
; \main:fuel_price[1][4]                 ; Stuck at GND due to stuck port data_in ;
; \main:fuel_price[1][5]                 ; Stuck at GND due to stuck port data_in ;
; \main:fuel_price[1][6]                 ; Stuck at GND due to stuck port data_in ;
; \main:fuel_price[1][7]                 ; Stuck at GND due to stuck port data_in ;
; \main:fuel_price[0][0]                 ; Stuck at GND due to stuck port data_in ;
; \main:fuel_price[0][1]                 ; Stuck at VCC due to stuck port data_in ;
; \main:fuel_price[0][2]                 ; Stuck at GND due to stuck port data_in ;
; \main:fuel_price[0][3]                 ; Stuck at VCC due to stuck port data_in ;
; \main:fuel_price[0][4]                 ; Stuck at GND due to stuck port data_in ;
; \main:fuel_price[0][5]                 ; Stuck at GND due to stuck port data_in ;
; \main:fuel_price[0][6]                 ; Stuck at GND due to stuck port data_in ;
; \main:fuel_price[0][7]                 ; Stuck at GND due to stuck port data_in ;
; \main:selected_fuel[3]                 ; Merged with \main:selected_fuel[1]     ;
; \main:selected_fuel[5..7]              ; Merged with \main:selected_fuel[4]     ;
; \main:selected_fuel[4]                 ; Stuck at GND due to stuck port data_in ;
; Total Number of Removed Registers = 29 ;                                        ;
+----------------------------------------+----------------------------------------+


+---------------------------------------------------------------------------------------------+
; Removed Registers Triggering Further Register Optimizations                                 ;
+------------------------+---------------------------+----------------------------------------+
; Register name          ; Reason for Removal        ; Registers Removed due to This Register ;
+------------------------+---------------------------+----------------------------------------+
; \main:fuel_price[2][4] ; Stuck at GND              ; \main:selected_fuel[4]                 ;
;                        ; due to stuck port data_in ;                                        ;
+------------------------+---------------------------+----------------------------------------+


+------------------------------------------------------+
; General Register Statistics                          ;
+----------------------------------------------+-------+
; Statistic                                    ; Value ;
+----------------------------------------------+-------+
; Total registers                              ; 26    ;
; Number of registers using Synchronous Clear  ; 0     ;
; Number of registers using Synchronous Load   ; 0     ;
; Number of registers using Asynchronous Clear ; 0     ;
; Number of registers using Asynchronous Load  ; 0     ;
; Number of registers using Clock Enable       ; 21    ;
; Number of registers using Preset             ; 0     ;
+----------------------------------------------+-------+


+-------------------------------------------------------------------------------------------------------------------------------------------------+
; Multiplexer Restructuring Statistics (Restructuring Performed)                                                                                  ;
+--------------------+-----------+---------------+----------------------+------------------------+------------+-----------------------------------+
; Multiplexer Inputs ; Bus Width ; Baseline Area ; Area if Restructured ; Saving if Restructured ; Registered ; Example Multiplexer Output        ;
+--------------------+-----------+---------------+----------------------+------------------------+------------+-----------------------------------+
; 3:1                ; 8 bits    ; 16 LEs        ; 8 LEs                ; 8 LEs                  ; Yes        ; |gas_pump|\main:current_credit[0] ;
; 4:1                ; 3 bits    ; 6 LEs         ; 6 LEs                ; 0 LEs                  ; No         ; |gas_pump|selected_fuel           ;
+--------------------+-----------+---------------+----------------------+------------------------+------------+-----------------------------------+


+-----------------------------------------------------------------------------------+
; Parameter Settings for Inferred Entity Instance: lpm_mult:Mult0                   ;
+------------------------------------------------+------------+---------------------+
; Parameter Name                                 ; Value      ; Type                ;
+------------------------------------------------+------------+---------------------+
; AUTO_CARRY_CHAINS                              ; ON         ; AUTO_CARRY          ;
; IGNORE_CARRY_BUFFERS                           ; OFF        ; IGNORE_CARRY        ;
; AUTO_CASCADE_CHAINS                            ; ON         ; AUTO_CASCADE        ;
; IGNORE_CASCADE_BUFFERS                         ; OFF        ; IGNORE_CASCADE      ;
; LPM_WIDTHA                                     ; 13         ; Untyped             ;
; LPM_WIDTHB                                     ; 4          ; Untyped             ;
; LPM_WIDTHP                                     ; 17         ; Untyped             ;
; LPM_WIDTHR                                     ; 17         ; Untyped             ;
; LPM_WIDTHS                                     ; 1          ; Untyped             ;
; LPM_REPRESENTATION                             ; UNSIGNED   ; Untyped             ;
; LPM_PIPELINE                                   ; 0          ; Untyped             ;
; LATENCY                                        ; 0          ; Untyped             ;
; INPUT_A_IS_CONSTANT                            ; YES        ; Untyped             ;
; INPUT_B_IS_CONSTANT                            ; NO         ; Untyped             ;
; USE_EAB                                        ; OFF        ; Untyped             ;
; MAXIMIZE_SPEED                                 ; 6          ; Untyped             ;
; DEVICE_FAMILY                                  ; Cyclone II ; Untyped             ;
; CARRY_CHAIN                                    ; MANUAL     ; Untyped             ;
; APEX20K_TECHNOLOGY_MAPPER                      ; LUT        ; TECH_MAPPER_APEX20K ;
; DEDICATED_MULTIPLIER_CIRCUITRY                 ; AUTO       ; Untyped             ;
; DEDICATED_MULTIPLIER_MIN_INPUT_WIDTH_FOR_AUTO  ; 0          ; Untyped             ;
; DEDICATED_MULTIPLIER_MIN_OUTPUT_WIDTH_FOR_AUTO ; 0          ; Untyped             ;
; CBXI_PARAMETER                                 ; NOTHING    ; Untyped             ;
; INPUT_A_FIXED_VALUE                            ; Bx         ; Untyped             ;
; INPUT_B_FIXED_VALUE                            ; Bx         ; Untyped             ;
; USE_AHDL_IMPLEMENTATION                        ; OFF        ; Untyped             ;
+------------------------------------------------+------------+---------------------+
Note: In order to hide this table in the UI and the text report file, please set the "Show Parameter Settings in Synthesis Report" option in "Analysis and Synthesis Settings -> More Settings" to "Off".


+------------------------------------------------------------------+
; Parameter Settings for Inferred Entity Instance: lpm_divide:Div0 ;
+------------------------+----------------+------------------------+
; Parameter Name         ; Value          ; Type                   ;
+------------------------+----------------+------------------------+
; LPM_WIDTHN             ; 24             ; Untyped                ;
; LPM_WIDTHD             ; 10             ; Untyped                ;
; LPM_NREPRESENTATION    ; UNSIGNED       ; Untyped                ;
; LPM_DREPRESENTATION    ; UNSIGNED       ; Untyped                ;
; LPM_PIPELINE           ; 0              ; Untyped                ;
; LPM_REMAINDERPOSITIVE  ; TRUE           ; Untyped                ;
; MAXIMIZE_SPEED         ; 5              ; Untyped                ;
; CBXI_PARAMETER         ; lpm_divide_sfm ; Untyped                ;
; CARRY_CHAIN            ; MANUAL         ; Untyped                ;
; OPTIMIZE_FOR_SPEED     ; 5              ; Untyped                ;
; AUTO_CARRY_CHAINS      ; ON             ; AUTO_CARRY             ;
; IGNORE_CARRY_BUFFERS   ; OFF            ; IGNORE_CARRY           ;
; AUTO_CASCADE_CHAINS    ; ON             ; AUTO_CASCADE           ;
; IGNORE_CASCADE_BUFFERS ; OFF            ; IGNORE_CASCADE         ;
+------------------------+----------------+------------------------+
Note: In order to hide this table in the UI and the text report file, please set the "Show Parameter Settings in Synthesis Report" option in "Analysis and Synthesis Settings -> More Settings" to "Off".


+--------------------------------------------------------+
; lpm_mult Parameter Settings by Entity Instance         ;
+---------------------------------------+----------------+
; Name                                  ; Value          ;
+---------------------------------------+----------------+
; Number of entity instances            ; 1              ;
; Entity Instance                       ; lpm_mult:Mult0 ;
;     -- LPM_WIDTHA                     ; 13             ;
;     -- LPM_WIDTHB                     ; 4              ;
;     -- LPM_WIDTHP                     ; 17             ;
;     -- LPM_REPRESENTATION             ; UNSIGNED       ;
;     -- INPUT_A_IS_CONSTANT            ; YES            ;
;     -- INPUT_B_IS_CONSTANT            ; NO             ;
;     -- USE_EAB                        ; OFF            ;
;     -- DEDICATED_MULTIPLIER_CIRCUITRY ; AUTO           ;
;     -- INPUT_A_FIXED_VALUE            ; Bx             ;
;     -- INPUT_B_FIXED_VALUE            ; Bx             ;
+---------------------------------------+----------------+


+-------------------------------+
; Elapsed Time Per Partition    ;
+----------------+--------------+
; Partition Name ; Elapsed Time ;
+----------------+--------------+
; Top            ; 00:00:01     ;
+----------------+--------------+


+-------------------------------+
; Analysis & Synthesis Messages ;
+-------------------------------+
Info: *******************************************************************
Info: Running Quartus II 64-Bit Analysis & Synthesis
    Info: Version 13.0.1 Build 232 06/12/2013 Service Pack 1 SJ Web Edition
    Info: Processing started: Tue Aug 24 16:42:04 2021
Info: Command: quartus_map --read_settings_files=on --write_settings_files=off gas-pump -c gas-pump
Warning (20028): Parallel compilation is not licensed and has been disabled
Info (12021): Found 2 design units, including 1 entities, in source file gas_pump.vhd
    Info (12022): Found design unit 1: gas_pump-behaviour
    Info (12023): Found entity 1: gas_pump
Info (12127): Elaborating entity "gas_pump" for the top level hierarchy
Warning (10542): VHDL Variable Declaration warning at gas_pump.vhd(38): used initial value expression for variable "flow_rate" because variable was never assigned a value
Warning (10542): VHDL Variable Declaration warning at gas_pump.vhd(39): used initial value expression for variable "verification_period" because variable was never assigned a value
Info (278001): Inferred 2 megafunctions from design logic
    Info (278003): Inferred multiplier megafunction ("lpm_mult") from the following logic: "Mult0"
    Info (278004): Inferred divider/modulo megafunction ("lpm_divide") from the following logic: "Div0"
Info (12130): Elaborated megafunction instantiation "lpm_mult:Mult0"
Info (12133): Instantiated megafunction "lpm_mult:Mult0" with the following parameter:
    Info (12134): Parameter "LPM_WIDTHA" = "13"
    Info (12134): Parameter "LPM_WIDTHB" = "4"
    Info (12134): Parameter "LPM_WIDTHP" = "17"
    Info (12134): Parameter "LPM_WIDTHR" = "17"
    Info (12134): Parameter "LPM_WIDTHS" = "1"
    Info (12134): Parameter "LPM_REPRESENTATION" = "UNSIGNED"
    Info (12134): Parameter "INPUT_A_IS_CONSTANT" = "YES"
    Info (12134): Parameter "INPUT_B_IS_CONSTANT" = "NO"
    Info (12134): Parameter "MAXIMIZE_SPEED" = "6"
Info (12131): Elaborated megafunction instantiation "lpm_mult:Mult0|multcore:mult_core", which is child of megafunction instantiation "lpm_mult:Mult0"
Info (12131): Elaborated megafunction instantiation "lpm_mult:Mult0|multcore:mult_core|mpar_add:padder", which is child of megafunction instantiation "lpm_mult:Mult0"
Info (12131): Elaborated megafunction instantiation "lpm_mult:Mult0|altshift:external_latency_ffs", which is child of megafunction instantiation "lpm_mult:Mult0"
Info (12130): Elaborated megafunction instantiation "lpm_divide:Div0"
Info (12133): Instantiated megafunction "lpm_divide:Div0" with the following parameter:
    Info (12134): Parameter "LPM_WIDTHN" = "24"
    Info (12134): Parameter "LPM_WIDTHD" = "10"
    Info (12134): Parameter "LPM_NREPRESENTATION" = "UNSIGNED"
    Info (12134): Parameter "LPM_DREPRESENTATION" = "UNSIGNED"
Info (12021): Found 1 design units, including 1 entities, in source file db/lpm_divide_sfm.tdf
    Info (12023): Found entity 1: lpm_divide_sfm
Info (12021): Found 1 design units, including 1 entities, in source file db/sign_div_unsign_6nh.tdf
    Info (12023): Found entity 1: sign_div_unsign_6nh
Info (12021): Found 1 design units, including 1 entities, in source file db/alt_u_div_e5f.tdf
    Info (12023): Found entity 1: alt_u_div_e5f
Info (12021): Found 1 design units, including 1 entities, in source file db/add_sub_lkc.tdf
    Info (12023): Found entity 1: add_sub_lkc
Info (12021): Found 1 design units, including 1 entities, in source file db/add_sub_mkc.tdf
    Info (12023): Found entity 1: add_sub_mkc
Info (17016): Found the following redundant logic cells in design
    Info (17048): Logic cell "lpm_divide:Div0|lpm_divide_sfm:auto_generated|sign_div_unsign_6nh:divider|alt_u_div_e5f:divider|add_sub_16_result_int[1]~18"
Info (16010): Generating hard_block partition "hard_block:auto_generated_inst"
    Info (16011): Adding 0 node(s), including 0 DDIO, 0 PLL, 0 transceiver and 0 LCELL
Info (21057): Implemented 218 device resources after synthesis - the final resource count might be different
    Info (21058): Implemented 12 input pins
    Info (21059): Implemented 9 output pins
    Info (21061): Implemented 197 logic cells
Info: Quartus II 64-Bit Analysis & Synthesis was successful. 0 errors, 3 warnings
    Info: Peak virtual memory: 4656 megabytes
    Info: Processing ended: Tue Aug 24 16:42:08 2021
    Info: Elapsed time: 00:00:04
    Info: Total CPU time (on all processors): 00:00:03


